[debug] [2023-10-06T15:02:19.001Z] ----------------------------------------------------------------------
[debug] [2023-10-06T15:02:19.005Z] Command:       C:\Program Files\nodejs\node.exe C:\Program Files\nodejs\node_modules\firebase-tools\lib\bin\firebase.js deploy
[debug] [2023-10-06T15:02:19.006Z] CLI Version:   11.27.0
[debug] [2023-10-06T15:02:19.006Z] Platform:      win32
[debug] [2023-10-06T15:02:19.006Z] Node Version:  v18.14.2
[debug] [2023-10-06T15:02:19.008Z] Time:          Fri Oct 06 2023 18:02:19 GMT+0300 (GMT+03:00)
[debug] [2023-10-06T15:02:19.008Z] ----------------------------------------------------------------------
[debug] 
[debug] [2023-10-06T15:02:19.153Z] > command requires scopes: ["email","openid","https://www.googleapis.com/auth/cloudplatformprojects.readonly","https://www.googleapis.com/auth/firebase","https://www.googleapis.com/auth/cloud-platform"]
[debug] [2023-10-06T15:02:19.154Z] > authorizing via signed-in user (mohammad.aladin996@gmail.com)
[debug] [2023-10-06T15:02:19.154Z] [iam] checking project quran-app-mm for permissions ["firebase.projects.get","firebasehosting.sites.update"]
[debug] [2023-10-06T15:02:19.157Z] > refreshing access token with scopes: []
[debug] [2023-10-06T15:02:19.159Z] >>> [apiv2][query] POST https://www.googleapis.com/oauth2/v3/token [none]
[debug] [2023-10-06T15:02:19.159Z] >>> [apiv2][body] POST https://www.googleapis.com/oauth2/v3/token [omitted]
[debug] [2023-10-06T15:02:19.221Z] [iam] error while checking permissions, command may fail: FirebaseError: Authentication Error: Your credentials are no longer valid. Please run firebase login --reauth

For CI servers and headless environments, generate a new token with firebase login:ci
[debug] [2023-10-06T15:02:19.222Z] > refreshing access token with scopes: []
[debug] [2023-10-06T15:02:19.223Z] >>> [apiv2][query] POST https://www.googleapis.com/oauth2/v3/token [none]
[debug] [2023-10-06T15:02:19.223Z] >>> [apiv2][body] POST https://www.googleapis.com/oauth2/v3/token [omitted]
[debug] [2023-10-06T15:02:19.231Z] Authentication Error: Your credentials are no longer valid. Please run firebase login --reauth

For CI servers and headless environments, generate a new token with firebase login:ci
[debug] [2023-10-06T15:02:19.244Z] FirebaseError: Authentication Error: Your credentials are no longer valid. Please run firebase login --reauth

For CI servers and headless environments, generate a new token with firebase login:ci
    at invalidCredentialError (C:\Users\DELL\AppData\Roaming\nvm\v18.14.2\node_modules\firebase-tools\lib\auth.js:144:12)
    at refreshTokens (C:\Users\DELL\AppData\Roaming\nvm\v18.14.2\node_modules\firebase-tools\lib\auth.js:508:15)
    at process.processTicksAndRejections (node:internal/process/task_queues:95:5)
    at async Client.getAccessToken (C:\Users\DELL\AppData\Roaming\nvm\v18.14.2\node_modules\firebase-tools\lib\apiv2.js:149:23)
    at async Client.addAuthHeader (C:\Users\DELL\AppData\Roaming\nvm\v18.14.2\node_modules\firebase-tools\lib\apiv2.js:140:21)
    at async Client.request (C:\Users\DELL\AppData\Roaming\nvm\v18.14.2\node_modules\firebase-tools\lib\apiv2.js:96:34)
    at async getFirebaseProject (C:\Users\DELL\AppData\Roaming\nvm\v18.14.2\node_modules\firebase-tools\lib\management\projects.js:295:21)
    at async getDefaultHostingSite (C:\Users\DELL\AppData\Roaming\nvm\v18.14.2\node_modules\firebase-tools\lib\getDefaultHostingSite.js:10:21)
    at async requireHostingSite (C:\Users\DELL\AppData\Roaming\nvm\v18.14.2\node_modules\firebase-tools\lib\requireHostingSite.js:9:18)
    at async Object.fn (C:\Users\DELL\AppData\Roaming\nvm\v18.14.2\node_modules\firebase-tools\lib\commands\deploy.js:74:9)
    at async C:\Users\DELL\AppData\Roaming\nvm\v18.14.2\node_modules\firebase-tools\lib\command.js:214:17
[error] 
[error] Error: Failed to get Firebase project quran-app-mm. Please make sure the project exists and your account has permission to access it.
